[debug] [2026-06-25T15:01:07.325Z] ----------------------------------------------------------------------
[debug] [2026-06-25T15:01:07.326Z] Command:       /usr/local/bin/node /Users/dhruv/Documents/Vibe2Ship/deadline-guardian/node_modules/.bin/firebase login --reauth
[debug] [2026-06-25T15:01:07.326Z] CLI Version:   15.22.2
[debug] [2026-06-25T15:01:07.326Z] Platform:      darwin
[debug] [2026-06-25T15:01:07.326Z] Node Version:  v24.17.0
[debug] [2026-06-25T15:01:07.326Z] Detected Agent: unknown
[debug] [2026-06-25T15:01:07.326Z] Time:          Thu Jun 25 2026 20:31:07 GMT+0530 (India Standard Time)
[debug] [2026-06-25T15:01:07.326Z] ----------------------------------------------------------------------
[debug] 
[info] 
[info] Visit this URL on this device to log in:
[info] https://accounts.google.com/o/oauth2/auth?client_id=563584335869-fgrhgmd47bqnekij5i8b5pr03ho849e6.apps.googleusercontent.com&scope=email%20openid%20https%3A%2F%2Fwww.googleapis.com%2Fauth%2Fcloudplatformprojects.readonly%20https%3A%2F%2Fwww.googleapis.com%2Fauth%2Ffirebase%20https%3A%2F%2Fwww.googleapis.com%2Fauth%2Fcloud-platform&response_type=code&state=52503776&redirect_uri=http%3A%2F%2Flocalhost%3A9005
[info] 
[info] Waiting for authentication...
[debug] [2026-06-25T15:01:13.579Z] >>> [apiv2][query] POST https://accounts.google.com/o/oauth2/token [none]
[debug] [2026-06-25T15:01:13.579Z] >>> [apiv2][body] POST https://accounts.google.com/o/oauth2/token [omitted]
[debug] [2026-06-25T15:01:13.803Z] *** [apiv2] retrying https://accounts.google.com/o/oauth2/token without keep-alive after a premature close error
[debug] [2026-06-25T15:01:14.804Z] *** [apiv2] Attempting the request again. Attempt number 2
[debug] [2026-06-25T15:01:14.804Z] >>> [apiv2][query] POST https://accounts.google.com/o/oauth2/token [none]
[debug] [2026-06-25T15:01:14.804Z] >>> [apiv2][body] POST https://accounts.google.com/o/oauth2/token [omitted]
[debug] [2026-06-25T15:01:15.028Z] <<< [apiv2][status] POST https://accounts.google.com/o/oauth2/token 400
[debug] [2026-06-25T15:01:15.028Z] <<< [apiv2][body] POST https://accounts.google.com/o/oauth2/token [omitted]
[debug] [2026-06-25T15:01:15.030Z] Token Fetch Error: FirebaseError: Request to https://accounts.google.com/o/oauth2/token had HTTP Error: 400, invalid_grant
    at responseToError (/Users/dhruv/Documents/Vibe2Ship/deadline-guardian/node_modules/firebase-tools/lib/responseToError.js:53:12)
    at RetryOperation._fn (/Users/dhruv/Documents/Vibe2Ship/deadline-guardian/node_modules/firebase-tools/lib/apiv2.js:380:77)
    at process.processTicksAndRejections (node:internal/process/task_queues:104:5)
[error] Authentication Error: Your credentials are no longer valid. Please run firebase login --reauth

For CI servers and headless environments, generate a new token with firebase login:ci
[debug] [2026-06-25T15:01:15.034Z] >>> [apiv2][query] POST https://auth.firebase.tools/attest [none]
[debug] [2026-06-25T15:01:15.035Z] >>> [apiv2][body] POST https://auth.firebase.tools/attest {"session_id":"d8ddb6e1-5284-44af-9500-8c08ae6e5878"}
[debug] [2026-06-25T15:01:15.613Z] <<< [apiv2][status] POST https://auth.firebase.tools/attest 200
[debug] [2026-06-25T15:01:15.614Z] <<< [apiv2][body] POST https://auth.firebase.tools/attest {"token":"XnN2Hjh84LwwA0pai_Thzf6eDuQ3s3LtgtZL_L4lvi0"}
[info] 
[info] To sign in to the Firebase CLI:
[info] 
[info] 1. Take note of your session ID:
[info] 
[info]    D8DDB
[info] 
[info] 2. Visit the URL below on any device and follow the instructions to get your code:
[info] 
[info]    https://auth.firebase.tools/login?code_challenge=hkko5YxBUnPLU-dwbxUx-ixOysQK1tj1DGH92izQL-U&session=d8ddb6e1-5284-44af-9500-8c08ae6e5878&attest=XnN2Hjh84LwwA0pai_Thzf6eDuQ3s3LtgtZL_L4lvi0
[info] 
[info] 3. Paste or enter the authorization code below once you have it:
[info] 
[debug] [2026-06-25T15:13:58.154Z] ExitPromptError: User force closed the prompt with SIGINT
    at Interface.sigint (/Users/dhruv/Documents/Vibe2Ship/deadline-guardian/node_modules/@inquirer/core/dist/commonjs/lib/create-prompt.js:101:37)
    at Interface.emit (node:events:509:28)
    at [_ttyWrite] [as _ttyWrite] (node:internal/readline/interface:1327:18)
    at ReadStream.onkeypress (node:internal/readline/interface:284:20)
    at ReadStream.emit (node:events:521:24)
    at emitKeys (node:internal/readline/utils:371:14)
    at emitKeys.next (<anonymous>)
    at ReadStream.onData (node:internal/readline/emitKeypressEvents:64:36)
    at ReadStream.emit (node:events:509:28)
    at addChunk (node:internal/streams/readable:563:12)
[error] 
[error] Error: An unexpected error has occurred.
